
2018-10-29 08:53:25 Info AppSvrOperator::SynExecute :: Command 12 executed.

2018-10-29 08:53:25 Info AppSvrOperator::SynExecute :: Executing command 3 ...

2018-10-29 08:53:25 Info AppSvrOperator::OnExecute :: Command 3 sent to server.

2018-10-29 08:53:25 Info AppSvrOperator::OnPackage :: Command 3 received from server.

2018-10-29 08:53:25 Info AppSvrOperator::OnPackage :: Command 3 returned from server.

2018-10-29 08:53:25 Info AppSvrOperator::SynExecute :: Command 3 executed.

2018-10-29 08:53:25 Info AppSvrOperator::SynExecute :: Executing command 12 ...

2018-10-29 08:53:25 Info AppSvrOperator::OnExecute :: Command 12 sent to server.

2018-10-29 08:53:25 Info AppSvrOperator::OnPackage :: Command 12 received from server.

2018-10-29 08:53:25 Info AppSvrOperator::OnPackage :: Command 12 returned from server.

2018-10-29 08:53:25 Info AppSvrOperator::SynExecute :: Command 12 executed.

2018-10-29 08:53:25 Info AppSvrOperator::SynExecute :: Executing command 3 ...

2018-10-29 08:53:25 Info AppSvrOperator::OnExecute :: Command 3 sent to server.

2018-10-29 08:53:25 Info AppSvrOperator::OnPackage :: Command 3 received from server.

2018-10-29 08:53:25 Info AppSvrOperator::OnPackage :: Command 3 returned from server.

2018-10-29 08:53:25 Info AppSvrOperator::SynExecute :: Command 3 executed.

2018-10-29 08:53:25 Info AppSvrOperator::SynExecute :: Executing command 12 ...

2018-10-29 08:53:25 Info AppSvrOperator::OnExecute :: Command 12 sent to server.

2018-10-29 08:53:25 Info AppSvrOperator::OnPackage :: Command 12 received from server.

2018-10-29 08:53:25 Info AppSvrOperator::OnPackage :: Command 12 returned from server.

2018-10-29 08:53:25 Info AppSvrOperator::SynExecute :: Command 12 executed.

2018-10-29 08:53:25 Info AppSvrOperator::SynExecute :: Executing command 3 ...

2018-10-29 08:53:25 Info AppSvrOperator::OnExecute :: Command 3 sent to server.

2018-10-29 08:53:25 Info AppSvrOperator::OnPackage :: Command 3 received from server.

2018-10-29 08:53:25 Info AppSvrOperator::OnPackage :: Command 3 returned from server.

2018-10-29 08:53:25 Info AppSvrOperator::SynExecute :: Command 3 executed.

2018-10-29 08:53:25 Info AppSvrOperator::SynExecute :: Executing command 12 ...

2018-10-29 08:53:25 Info AppSvrOperator::OnExecute :: Command 12 sent to server.

2018-10-29 08:53:25 Info AppSvrOperator::OnPackage :: Command 12 received from server.

2018-10-29 08:53:25 Info AppSvrOperator::OnPackage :: Command 12 returned from server.

2018-10-29 08:53:25 Info AppSvrOperator::SynExecute :: Command 12 executed.

2018-10-29 08:53:25 Info AppSvrOperator::SynExecute :: Executing command 3 ...

2018-10-29 08:53:25 Info AppSvrOperator::OnExecute :: Command 3 sent to server.

2018-10-29 08:53:25 Info AppSvrOperator::OnPackage :: Command 3 received from server.

2018-10-29 08:53:25 Info AppSvrOperator::OnPackage :: Command 3 returned from server.

2018-10-29 08:53:25 Info AppSvrOperator::SynExecute :: Command 3 executed.

2018-10-29 08:53:25 Info AppSvrOperator::SynExecute :: Executing command 12 ...

2018-10-29 08:53:25 Info AppSvrOperator::OnExecute :: Command 12 sent to server.

2018-10-29 08:53:25 Info AppSvrOperator::OnPackage :: Command 12 received from server.

2018-10-29 08:53:25 Info AppSvrOperator::OnPackage :: Command 12 returned from server.

2018-10-29 08:53:25 Info AppSvrOperator::SynExecute :: Command 12 executed.

2018-10-29 08:53:25 Info AppSvrOperator::SynExecute :: Executing command 3 ...

2018-10-29 08:53:25 Info AppSvrOperator::OnExecute :: Command 3 sent to server.

2018-10-29 08:53:25 Info AppSvrOperator::OnPackage :: Command 3 received from server.

2018-10-29 08:53:25 Info AppSvrOperator::OnPackage :: Command 3 returned from server.

2018-10-29 08:53:25 Info AppSvrOperator::SynExecute :: Command 3 executed.

2018-10-29 08:53:25 Info AppSvrOperator::SynExecute :: Executing command 12 ...

2018-10-29 08:53:25 Info AppSvrOperator::OnExecute :: Command 12 sent to server.

2018-10-29 08:53:25 Info AppSvrOperator::OnPackage :: Command 12 received from server.

2018-10-29 08:53:25 Info AppSvrOperator::OnPackage :: Command 12 returned from server.

2018-10-29 08:53:25 Info AppSvrOperator::SynExecute :: Command 12 executed.

2018-10-29 08:53:25 Info AppSvrOperator::SynExecute :: Executing command 3 ...

2018-10-29 08:53:25 Info AppSvrOperator::OnExecute :: Command 3 sent to server.

2018-10-29 08:53:25 Info AppSvrOperator::OnPackage :: Command 3 received from server.

2018-10-29 08:53:25 Info AppSvrOperator::OnPackage :: Command 3 returned from server.

2018-10-29 08:53:25 Info AppSvrOperator::SynExecute :: Command 3 executed.

2018-10-29 08:53:25 Info AppSvrOperator::SynExecute :: Executing command 12 ...

2018-10-29 08:53:25 Info AppSvrOperator::OnExecute :: Command 12 sent to server.

2018-10-29 08:53:25 Info AppSvrOperator::OnPackage :: Command 12 received from server.

2018-10-29 08:53:25 Info AppSvrOperator::OnPackage :: Command 12 returned from server.

2018-10-29 08:53:25 Info AppSvrOperator::SynExecute :: Command 12 executed.

2018-10-29 08:53:25 Info AppSvrOperator::SynExecute :: Executing command 3 ...

2018-10-29 08:53:25 Info AppSvrOperator::OnExecute :: Command 3 sent to server.

2018-10-29 08:53:25 Info AppSvrOperator::OnPackage :: Command 3 received from server.

2018-10-29 08:53:25 Info AppSvrOperator::OnPackage :: Command 3 returned from server.

2018-10-29 08:53:25 Info AppSvrOperator::SynExecute :: Command 3 executed.

2018-10-29 08:53:25 Info AppSvrOperator::SynExecute :: Executing command 12 ...

2018-10-29 08:53:25 Info AppSvrOperator::OnExecute :: Command 12 sent to server.

2018-10-29 08:53:25 Info AppSvrOperator::OnPackage :: Command 12 received from server.

2018-10-29 08:53:25 Info AppSvrOperator::OnPackage :: Command 12 returned from server.

2018-10-29 08:53:25 Info AppSvrOperator::SynExecute :: Command 12 executed.

2018-10-29 08:53:25 Info AppSvrOperator::SynExecute :: Executing command 12 ...

2018-10-29 08:53:25 Info AppSvrOperator::OnExecute :: Command 12 sent to server.

2018-10-29 08:53:25 Info AppSvrOperator::OnPackage :: Command 12 received from server.

2018-10-29 08:53:25 Info AppSvrOperator::OnPackage :: Command 12 returned from server.

2018-10-29 08:53:25 Info AppSvrOperator::SynExecute :: Command 12 executed.

2018-10-29 08:53:25 Info AppSvrOperator::SynExecute :: Executing command 3 ...

2018-10-29 08:53:25 Info AppSvrOperator::OnExecute :: Command 3 sent to server.

2018-10-29 08:53:25 Info AppSvrOperator::OnPackage :: Command 3 received from server.

2018-10-29 08:53:25 Info AppSvrOperator::OnPackage :: Command 3 returned from server.

2018-10-29 08:53:25 Info AppSvrOperator::SynExecute :: Command 3 executed.

2018-10-29 08:53:25 Info AppSvrOperator::SynExecute :: Executing command 3 ...

2018-10-29 08:53:25 Info AppSvrOperator::OnExecute :: Command 3 sent to server.

2018-10-29 08:53:25 Info AppSvrOperator::OnPackage :: Command 3 received from server.

2018-10-29 08:53:25 Info AppSvrOperator::OnPackage :: Command 3 returned from server.

2018-10-29 08:53:25 Info AppSvrOperator::SynExecute :: Command 3 executed.

2018-10-29 08:53:25 Info AppSvrOperator::SynExecute :: Executing command 12 ...

2018-10-29 08:53:25 Info AppSvrOperator::OnExecute :: Command 12 sent to server.

2018-10-29 08:53:25 Info AppSvrOperator::OnPackage :: Command 12 received from server.

2018-10-29 08:53:25 Info AppSvrOperator::OnPackage :: Command 12 returned from server.

2018-10-29 08:53:25 Info AppSvrOperator::SynExecute :: Command 12 executed.

2018-10-29 08:53:25 Info AppSvrOperator::SynExecute :: Executing command 3 ...

2018-10-29 08:53:25 Info AppSvrOperator::OnExecute :: Command 3 sent to server.

2018-10-29 08:53:25 Info AppSvrOperator::OnPackage :: Command 3 received from server.

2018-10-29 08:53:25 Info AppSvrOperator::OnPackage :: Command 3 returned from server.

2018-10-29 08:53:25 Info AppSvrOperator::SynExecute :: Command 3 executed.

2018-10-29 08:53:25 Info AppSvrOperator::SynExecute :: Executing command 12 ...

2018-10-29 08:53:25 Info AppSvrOperator::OnExecute :: Command 12 sent to server.

2018-10-29 08:53:25 Info AppSvrOperator::OnPackage :: Command 12 received from server.

2018-10-29 08:53:25 Info AppSvrOperator::OnPackage :: Command 12 returned from server.

2018-10-29 08:53:25 Info AppSvrOperator::SynExecute :: Command 12 executed.

2018-10-29 08:53:25 Info AppSvrOperator::SynExecute :: Executing command 3 ...

2018-10-29 08:53:25 Info AppSvrOperator::OnExecute :: Command 3 sent to server.

2018-10-29 08:53:25 Info AppSvrOperator::OnPackage :: Command 3 received from server.

2018-10-29 08:53:25 Info AppSvrOperator::OnPackage :: Command 3 returned from server.

2018-10-29 08:53:25 Info AppSvrOperator::SynExecute :: Command 3 executed.

2018-10-29 08:53:25 Info AppSvrOperator::SynExecute :: Executing command 12 ...

2018-10-29 08:53:25 Info AppSvrOperator::OnExecute :: Command 12 sent to server.

2018-10-29 08:53:25 Info AppSvrOperator::OnPackage :: Command 12 received from server.

2018-10-29 08:53:25 Info AppSvrOperator::OnPackage :: Command 12 returned from server.

2018-10-29 08:53:25 Info AppSvrOperator::SynExecute :: Command 12 executed.

2018-10-29 08:53:25 Info AppSvrOperator::SynExecute :: Executing command 3 ...

2018-10-29 08:53:25 Info AppSvrOperator::OnExecute :: Command 3 sent to server.

2018-10-29 08:53:25 Info AppSvrOperator::OnPackage :: Command 3 received from server.

2018-10-29 08:53:25 Info AppSvrOperator::OnPackage :: Command 3 returned from server.

2018-10-29 08:53:25 Info AppSvrOperator::SynExecute :: Command 3 executed.

2018-10-29 08:53:25 Info AppSvrOperator::SynExecute :: Executing command 12 ...

2018-10-29 08:53:25 Info AppSvrOperator::OnExecute :: Command 12 sent to server.

2018-10-29 08:53:25 Info AppSvrOperator::OnPackage :: Command 12 received from server.

2018-10-29 08:53:25 Info AppSvrOperator::OnPackage :: Command 12 returned from server.

2018-10-29 08:53:25 Info AppSvrOperator::SynExecute :: Command 12 executed.

2018-10-29 08:53:25 Info AppSvrOperator::SynExecute :: Executing command 3 ...

2018-10-29 08:53:25 Info AppSvrOperator::OnExecute :: Command 3 sent to server.

2018-10-29 08:53:25 Info AppSvrOperator::OnPackage :: Command 3 received from server.

2018-10-29 08:53:25 Info AppSvrOperator::OnPackage :: Command 3 returned from server.

2018-10-29 08:53:25 Info AppSvrOperator::SynExecute :: Command 3 executed.

2018-10-29 08:53:25 Info AppSvrOperator::SynExecute :: Executing command 12 ...

2018-10-29 08:53:25 Info AppSvrOperator::OnExecute :: Command 12 sent to server.

2018-10-29 08:53:25 Info AppSvrOperator::OnPackage :: Command 12 received from server.

2018-10-29 08:53:25 Info AppSvrOperator::OnPackage :: Command 12 returned from server.

2018-10-29 08:53:25 Info AppSvrOperator::SynExecute :: Command 12 executed.

2018-10-29 08:53:25 Info AppSvrOperator::SynExecute :: Executing command 3 ...

2018-10-29 08:53:25 Info AppSvrOperator::OnExecute :: Command 3 sent to server.

2018-10-29 08:53:25 Info AppSvrOperator::OnPackage :: Command 3 received from server.

2018-10-29 08:53:25 Info AppSvrOperator::OnPackage :: Command 3 returned from server.

2018-10-29 08:53:25 Info AppSvrOperator::SynExecute :: Command 3 executed.

2018-10-29 08:53:25 Info AppSvrOperator::SynExecute :: Executing command 12 ...

2018-10-29 08:53:25 Info AppSvrOperator::OnExecute :: Command 12 sent to server.

2018-10-29 08:53:25 Info AppSvrOperator::OnPackage :: Command 12 received from server.

2018-10-29 08:53:25 Info AppSvrOperator::OnPackage :: Command 12 returned from server.

2018-10-29 08:53:25 Info AppSvrOperator::SynExecute :: Command 12 executed.

2018-10-29 08:53:25 Info AppSvrOperator::SynExecute :: Executing command 3 ...

2018-10-29 08:53:25 Info AppSvrOperator::OnExecute :: Command 3 sent to server.

2018-10-29 08:53:25 Info AppSvrOperator::OnPackage :: Command 3 received from server.

2018-10-29 08:53:25 Info AppSvrOperator::OnPackage :: Command 3 returned from server.

2018-10-29 08:53:25 Info AppSvrOperator::SynExecute :: Command 3 executed.

2018-10-29 08:53:25 Info AppSvrOperator::SynExecute :: Executing command 12 ...

2018-10-29 08:53:25 Info AppSvrOperator::OnExecute :: Command 12 sent to server.

2018-10-29 08:53:25 Info AppSvrOperator::OnPackage :: Command 12 received from server.

2018-10-29 08:53:25 Info AppSvrOperator::OnPackage :: Command 12 returned from server.

2018-10-29 08:53:25 Info AppSvrOperator::SynExecute :: Command 12 executed.

2018-10-29 08:53:25 Info AppSvrOperator::SynExecute :: Executing command 3 ...

2018-10-29 08:53:25 Info AppSvrOperator::OnExecute :: Command 3 sent to server.

2018-10-29 08:53:25 Info AppSvrOperator::OnPackage :: Command 3 received from server.

2018-10-29 08:53:25 Info AppSvrOperator::OnPackage :: Command 3 returned from server.

2018-10-29 08:53:25 Info AppSvrOperator::SynExecute :: Command 3 executed.

2018-10-29 08:53:25 Info AppSvrOperator::SynExecute :: Executing command 12 ...

2018-10-29 08:53:25 Info AppSvrOperator::OnExecute :: Command 12 sent to server.

2018-10-29 08:53:25 Info AppSvrOperator::OnPackage :: Command 12 received from server.

2018-10-29 08:53:25 Info AppSvrOperator::OnPackage :: Command 12 returned from server.

2018-10-29 08:53:25 Info AppSvrOperator::SynExecute :: Command 12 executed.

2018-10-29 08:53:25 Info AppSvrOperator::SynExecute :: Executing command 3 ...

2018-10-29 08:53:25 Info AppSvrOperator::OnExecute :: Command 3 sent to server.

2018-10-29 08:53:25 Info AppSvrOperator::OnPackage :: Command 3 received from server.

2018-10-29 08:53:25 Info AppSvrOperator::OnPackage :: Command 3 returned from server.

2018-10-29 08:53:25 Info AppSvrOperator::SynExecute :: Command 3 executed.

2018-10-29 08:53:25 Info AppSvrOperator::SynExecute :: Executing command 12 ...

2018-10-29 08:53:25 Info AppSvrOperator::OnExecute :: Command 12 sent to server.

2018-10-29 08:53:25 Info AppSvrOperator::OnPackage :: Command 12 received from server.

2018-10-29 08:53:25 Info AppSvrOperator::OnPackage :: Command 12 returned from server.

2018-10-29 08:53:25 Info AppSvrOperator::SynExecute :: Command 12 executed.

2018-10-29 08:53:25 Info AppSvrOperator::SynExecute :: Executing command 3 ...

2018-10-29 08:53:25 Info AppSvrOperator::OnExecute :: Command 3 sent to server.

2018-10-29 08:53:25 Info AppSvrOperator::OnPackage :: Command 3 received from server.

2018-10-29 08:53:25 Info AppSvrOperator::OnPackage :: Command 3 returned from server.

2018-10-29 08:53:25 Info AppSvrOperator::SynExecute :: Command 3 executed.

2018-10-29 08:53:25 Info AppSvrOperator::SynExecute :: Executing command 12 ...

2018-10-29 08:53:25 Info AppSvrOperator::OnExecute :: Command 12 sent to server.

2018-10-29 08:53:25 Info AppSvrOperator::OnPackage :: Command 12 received from server.

2018-10-29 08:53:25 Info AppSvrOperator::OnPackage :: Command 12 returned from server.

2018-10-29 08:53:25 Info AppSvrOperator::SynExecute :: Command 12 executed.

2018-10-29 08:53:25 Info AppSvrOperator::SynExecute :: Executing command 14 ...

2018-10-29 08:53:25 Info AppSvrOperator::OnExecute :: Command 14 sent to server.

2018-10-29 08:53:25 Info AppSvrOperator::OnPackage :: Command 14 received from server.

2018-10-29 08:53:25 Info AppSvrOperator::OnPackage :: Command 14 returned from server.

2018-10-29 08:53:25 Info AppSvrOperator::SynExecute :: Command 14 executed.

2018-10-29 08:53:25 Info AppSvrOperator::SynExecute :: Executing command 12 ...

2018-10-29 08:53:25 Info AppSvrOperator::OnExecute :: Command 12 sent to server.

2018-10-29 08:53:25 Info AppSvrOperator::OnPackage :: Command 12 received from server.

2018-10-29 08:53:25 Info AppSvrOperator::OnPackage :: Command 12 returned from server.

2018-10-29 08:53:25 Info AppSvrOperator::SynExecute :: Command 12 executed.

2018-10-29 08:53:25 Info AppSvrOperator::SynExecute :: Executing command 3 ...

2018-10-29 08:53:25 Info AppSvrOperator::OnExecute :: Command 3 sent to server.

2018-10-29 08:53:25 Info AppSvrOperator::OnPackage :: Command 3 received from server.

2018-10-29 08:53:25 Info AppSvrOperator::OnPackage :: Command 3 returned from server.

2018-10-29 08:53:25 Info AppSvrOperator::SynExecute :: Command 3 executed.

2018-10-29 08:53:25 Info AppSvrOperator::SynExecute :: Executing command 3 ...

2018-10-29 08:53:25 Info AppSvrOperator::OnExecute :: Command 3 sent to server.

2018-10-29 08:53:25 Info AppSvrOperator::OnPackage :: Command 3 received from server.

2018-10-29 08:53:25 Info AppSvrOperator::OnPackage :: Command 3 returned from server.

2018-10-29 08:53:25 Info AppSvrOperator::SynExecute :: Command 3 executed.

2018-10-29 08:53:25 Info AppSvrOperator::SynExecute :: Executing command 3 ...

2018-10-29 08:53:25 Info AppSvrOperator::OnExecute :: Command 3 sent to server.

2018-10-29 08:53:25 Info AppSvrOperator::OnPackage :: Command 3 received from server.

2018-10-29 08:53:25 Info AppSvrOperator::OnPackage :: Command 3 returned from server.

2018-10-29 08:53:25 Info AppSvrOperator::SynExecute :: Command 3 executed.

2018-10-29 08:53:25 Info AppSvrOperator::SynExecute :: Executing command 3 ...

2018-10-29 08:53:25 Info AppSvrOperator::OnExecute :: Command 3 sent to server.

2018-10-29 08:53:25 Info AppSvrOperator::OnPackage :: Command 3 received from server.

2018-10-29 08:53:25 Info AppSvrOperator::OnPackage :: Command 3 returned from server.

2018-10-29 08:53:25 Info AppSvrOperator::SynExecute :: Command 3 executed.

2018-10-29 08:53:25 Info AppSvrOperator::SynExecute :: Executing command 3 ...

2018-10-29 08:53:25 Info AppSvrOperator::OnExecute :: Command 3 sent to server.

2018-10-29 08:53:25 Info AppSvrOperator::OnPackage :: Command 3 received from server.

2018-10-29 08:53:25 Info AppSvrOperator::OnPackage :: Command 3 returned from server.

2018-10-29 08:53:25 Info AppSvrOperator::SynExecute :: Command 3 executed.

2018-10-29 08:53:25 Info AppSvrOperator::SynExecute :: Executing command 3 ...

2018-10-29 08:53:25 Info AppSvrOperator::OnExecute :: Command 3 sent to server.

2018-10-29 08:53:25 Info AppSvrOperator::OnPackage :: Command 3 received from server.

2018-10-29 08:53:25 Info AppSvrOperator::OnPackage :: Command 3 returned from server.

2018-10-29 08:53:25 Info AppSvrOperator::SynExecute :: Command 3 executed.

2018-10-29 08:53:25 Info AppSvrOperator::SynExecute :: Executing command 3 ...

2018-10-29 08:53:25 Info AppSvrOperator::OnExecute :: Command 3 sent to server.

2018-10-29 08:53:25 Info AppSvrOperator::OnPackage :: Command 3 received from server.

2018-10-29 08:53:25 Info AppSvrOperator::OnPackage :: Command 3 returned from server.

2018-10-29 08:53:25 Info AppSvrOperator::SynExecute :: Command 3 executed.

2018-10-29 08:53:25 Info AppSvrOperator::SynExecute :: Executing command 3 ...

2018-10-29 08:53:25 Info AppSvrOperator::OnExecute :: Command 3 sent to server.

2018-10-29 08:53:25 Info AppSvrOperator::OnPackage :: Command 3 received from server.

2018-10-29 08:53:25 Info AppSvrOperator::OnPackage :: Command 3 returned from server.

2018-10-29 08:53:25 Info AppSvrOperator::SynExecute :: Command 3 executed.

2018-10-29 08:53:25 Info AppSvrOperator::SynExecute :: Executing command 3 ...

2018-10-29 08:53:25 Info AppSvrOperator::OnExecute :: Command 3 sent to server.

2018-10-29 08:53:25 Info AppSvrOperator::OnPackage :: Command 3 received from server.

2018-10-29 08:53:25 Info AppSvrOperator::OnPackage :: Command 3 returned from server.

2018-10-29 08:53:25 Info AppSvrOperator::SynExecute :: Command 3 executed.

2018-10-29 08:53:25 Info AppSvrOperator::SynExecute :: Executing command 3 ...

2018-10-29 08:53:25 Info AppSvrOperator::OnExecute :: Command 3 sent to server.

2018-10-29 08:53:25 Info AppSvrOperator::OnPackage :: Command 3 received from server.

2018-10-29 08:53:25 Info AppSvrOperator::OnPackage :: Command 3 returned from server.

2018-10-29 08:53:25 Info AppSvrOperator::SynExecute :: Command 3 executed.

2018-10-29 08:53:25 Info AppSvrOperator::SynExecute :: Executing command 3 ...

2018-10-29 08:53:25 Info AppSvrOperator::OnExecute :: Command 3 sent to server.

2018-10-29 08:53:25 Info AppSvrOperator::OnPackage :: Command 3 received from server.

2018-10-29 08:53:25 Info AppSvrOperator::OnPackage :: Command 3 returned from server.

2018-10-29 08:53:25 Info AppSvrOperator::SynExecute :: Command 3 executed.

2018-10-29 08:53:25 Info AppSvrOperator::SynExecute :: Executing command 3 ...

2018-10-29 08:53:25 Info AppSvrOperator::OnExecute :: Command 3 sent to server.

2018-10-29 08:53:25 Info AppSvrOperator::OnPackage :: Command 3 received from server.

2018-10-29 08:53:25 Info AppSvrOperator::OnPackage :: Command 3 returned from server.

2018-10-29 08:53:25 Info AppSvrOperator::SynExecute :: Command 3 executed.

2018-10-29 08:53:25 Info AppSvrOperator::SynExecute :: Executing command 12 ...

2018-10-29 08:53:25 Info AppSvrOperator::OnExecute :: Command 12 sent to server.

2018-10-29 08:53:25 Info AppSvrOperator::OnPackage :: Command 12 received from server.

2018-10-29 08:53:25 Info AppSvrOperator::OnPackage :: Command 12 returned from server.

2018-10-29 08:53:25 Info AppSvrOperator::SynExecute :: Command 12 executed.

2018-10-29 08:53:25 Info AppSvrOperator::SynExecute :: Executing command 3 ...

2018-10-29 08:53:25 Info AppSvrOperator::OnExecute :: Command 3 sent to server.

2018-10-29 08:53:25 Info AppSvrOperator::OnPackage :: Command 3 received from server.

2018-10-29 08:53:25 Info AppSvrOperator::OnPackage :: Command 3 returned from server.

2018-10-29 08:53:25 Info AppSvrOperator::SynExecute :: Command 3 executed.

2018-10-29 08:53:25 Info AppSvrOperator::SynExecute :: Executing command 3 ...

2018-10-29 08:53:25 Info AppSvrOperator::OnExecute :: Command 3 sent to server.

2018-10-29 08:53:25 Info AppSvrOperator::OnPackage :: Command 3 received from server.

2018-10-29 08:53:25 Info AppSvrOperator::OnPackage :: Command 3 returned from server.

2018-10-29 08:53:25 Info AppSvrOperator::SynExecute :: Command 3 executed.

2018-10-29 08:53:25 Info AppSvrOperator::SynExecute :: Executing command 3 ...

2018-10-29 08:53:25 Info AppSvrOperator::OnExecute :: Command 3 sent to server.

2018-10-29 08:53:25 Info AppSvrOperator::OnPackage :: Command 3 received from server.

2018-10-29 08:53:25 Info AppSvrOperator::OnPackage :: Command 3 returned from server.

2018-10-29 08:53:25 Info AppSvrOperator::SynExecute :: Command 3 executed.

2018-10-29 08:53:25 Info AppSvrOperator::SynExecute :: Executing command 3 ...

2018-10-29 08:53:25 Info AppSvrOperator::OnExecute :: Command 3 sent to server.

2018-10-29 08:53:25 Info AppSvrOperator::OnPackage :: Command 3 received from server.

2018-10-29 08:53:25 Info AppSvrOperator::OnPackage :: Command 3 returned from server.

2018-10-29 08:53:25 Info AppSvrOperator::SynExecute :: Command 3 executed.

2018-10-29 08:53:25 Info AppSvrOperator::SynExecute :: Executing command 3 ...

2018-10-29 08:53:25 Info AppSvrOperator::OnExecute :: Command 3 sent to server.

2018-10-29 08:53:25 Info AppSvrOperator::OnPackage :: Command 3 received from server.

2018-10-29 08:53:25 Info AppSvrOperator::OnPackage :: Command 3 returned from server.

2018-10-29 08:53:25 Info AppSvrOperator::SynExecute :: Command 3 executed.

2018-10-29 08:53:25 Info AppSvrOperator::SynExecute :: Executing command 3 ...

2018-10-29 08:53:25 Info AppSvrOperator::OnExecute :: Command 3 sent to server.

2018-10-29 08:53:25 Info AppSvrOperator::OnPackage :: Command 3 received from server.

2018-10-29 08:53:25 Info AppSvrOperator::OnPackage :: Command 3 returned from server.

2018-10-29 08:53:25 Info AppSvrOperator::SynExecute :: Command 3 executed.

2018-10-29 08:53:25 Info AppSvrOperator::SynExecute :: Executing command 3 ...

2018-10-29 08:53:25 Info AppSvrOperator::OnExecute :: Command 3 sent to server.

2018-10-29 08:53:25 Info AppSvrOperator::OnPackage :: Command 3 received from server.

2018-10-29 08:53:25 Info AppSvrOperator::OnPackage :: Command 3 returned from server.

2018-10-29 08:53:25 Info AppSvrOperator::SynExecute :: Command 3 executed.

2018-10-29 08:53:25 Info AppSvrOperator::SynExecute :: Executing command 3 ...

2018-10-29 08:53:25 Info AppSvrOperator::OnExecute :: Command 3 sent to server.

2018-10-29 08:53:25 Info AppSvrOperator::OnPackage :: Command 3 received from server.

2018-10-29 08:53:25 Info AppSvrOperator::OnPackage :: Command 3 returned from server.

2018-10-29 08:53:25 Info AppSvrOperator::SynExecute :: Command 3 executed.

2018-10-29 08:53:25 Info AppSvrOperator::SynExecute :: Executing command 3 ...

2018-10-29 08:53:25 Info AppSvrOperator::OnExecute :: Command 3 sent to server.

2018-10-29 08:53:25 Info AppSvrOperator::OnPackage :: Command 3 received from server.

2018-10-29 08:53:25 Info AppSvrOperator::OnPackage :: Command 3 returned from server.

2018-10-29 08:53:25 Info AppSvrOperator::SynExecute :: Command 3 executed.

2018-10-29 08:53:25 Info AppSvrOperator::SynExecute :: Executing command 3 ...

2018-10-29 08:53:25 Info AppSvrOperator::OnExecute :: Command 3 sent to server.

2018-10-29 08:53:25 Info AppSvrOperator::OnPackage :: Command 3 received from server.

2018-10-29 08:53:25 Info AppSvrOperator::OnPackage :: Command 3 returned from server.

2018-10-29 08:53:25 Info AppSvrOperator::SynExecute :: Command 3 executed.

2018-10-29 08:53:25 Info AppSvrOperator::SynExecute :: Executing command 3 ...

2018-10-29 08:53:25 Info AppSvrOperator::OnExecute :: Command 3 sent to server.

2018-10-29 08:53:25 Info AppSvrOperator::OnPackage :: Command 3 received from server.

2018-10-29 08:53:25 Info AppSvrOperator::OnPackage :: Command 3 returned from server.

2018-10-29 08:53:25 Info AppSvrOperator::SynExecute :: Command 3 executed.

2018-10-29 08:53:25 Info AppSvrOperator::SynExecute :: Executing command 3 ...

2018-10-29 08:53:25 Info AppSvrOperator::OnExecute :: Command 3 sent to server.

2018-10-29 08:53:25 Info AppSvrOperator::OnPackage :: Command 3 received from server.

2018-10-29 08:53:25 Info AppSvrOperator::OnPackage :: Command 3 returned from server.

2018-10-29 08:53:25 Info AppSvrOperator::SynExecute :: Command 3 executed.

2018-10-29 08:53:25 Info AppSvrOperator::SynExecute :: Executing command 3 ...

2018-10-29 08:53:25 Info AppSvrOperator::OnExecute :: Command 3 sent to server.

2018-10-29 08:53:25 Info AppSvrOperator::OnPackage :: Command 3 received from server.

2018-10-29 08:53:25 Info AppSvrOperator::OnPackage :: Command 3 returned from server.

2018-10-29 08:53:25 Info AppSvrOperator::SynExecute :: Command 3 executed.

2018-10-29 08:53:25 Info AppSvrOperator::SynExecute :: Executing command 3 ...

2018-10-29 08:53:25 Info AppSvrOperator::OnExecute :: Command 3 sent to server.

2018-10-29 08:53:25 Info AppSvrOperator::OnPackage :: Command 3 received from server.

2018-10-29 08:53:25 Info AppSvrOperator::OnPackage :: Command 3 returned from server.

2018-10-29 08:53:25 Info AppSvrOperator::SynExecute :: Command 3 executed.

2018-10-29 08:53:25 Info AppSvrOperator::SynExecute :: Executing command 3 ...

2018-10-29 08:53:25 Info AppSvrOperator::OnExecute :: Command 3 sent to server.

2018-10-29 08:53:25 Info AppSvrOperator::OnPackage :: Command 3 received from server.

2018-10-29 08:53:25 Info AppSvrOperator::OnPackage :: Command 3 returned from server.

2018-10-29 08:53:25 Info AppSvrOperator::SynExecute :: Command 3 executed.

2018-10-29 08:53:25 Info AppSvrOperator::SynExecute :: Executing command 3 ...

2018-10-29 08:53:25 Info AppSvrOperator::OnExecute :: Command 3 sent to server.

2018-10-29 08:53:25 Info AppSvrOperator::OnPackage :: Command 3 received from server.

2018-10-29 08:53:25 Info AppSvrOperator::OnPackage :: Command 3 returned from server.

2018-10-29 08:53:25 Info AppSvrOperator::SynExecute :: Command 3 executed.

2018-10-29 08:53:25 Info AppSvrOperator::SynExecute :: Executing command 3 ...

2018-10-29 08:53:25 Info AppSvrOperator::OnExecute :: Command 3 sent to server.

2018-10-29 08:53:25 Info AppSvrOperator::OnPackage :: Command 3 received from server.

2018-10-29 08:53:25 Info AppSvrOperator::OnPackage :: Command 3 returned from server.

2018-10-29 08:53:25 Info AppSvrOperator::SynExecute :: Command 3 executed.

2018-10-29 08:53:25 Info AppSvrOperator::SynExecute :: Executing command 3 ...

2018-10-29 08:53:25 Info AppSvrOperator::OnExecute :: Command 3 sent to server.

2018-10-29 08:53:25 Info AppSvrOperator::OnPackage :: Command 3 received from server.

2018-10-29 08:53:25 Info AppSvrOperator::OnPackage :: Command 3 returned from server.

2018-10-29 08:53:25 Info AppSvrOperator::SynExecute :: Command 3 executed.

2018-10-29 08:53:25 Info AppSvrOperator::SynExecute :: Executing command 3 ...

2018-10-29 08:53:25 Info AppSvrOperator::OnExecute :: Command 3 sent to server.

2018-10-29 08:53:25 Info AppSvrOperator::OnPackage :: Command 3 received from server.

2018-10-29 08:53:25 Info AppSvrOperator::OnPackage :: Command 3 returned from server.

2018-10-29 08:53:25 Info AppSvrOperator::SynExecute :: Command 3 executed.

2018-10-29 08:53:25 Info AppSvrOperator::SynExecute :: Executing command 3 ...

2018-10-29 08:53:25 Info AppSvrOperator::OnExecute :: Command 3 sent to server.

2018-10-29 08:53:25 Info AppSvrOperator::OnPackage :: Command 3 received from server.

2018-10-29 08:53:25 Info AppSvrOperator::OnPackage :: Command 3 returned from server.

2018-10-29 08:53:25 Info AppSvrOperator::SynExecute :: Command 3 executed.

2018-10-29 08:53:25 Info AppSvrOperator::SynExecute :: Executing command 12 ...

2018-10-29 08:53:25 Info AppSvrOperator::OnExecute :: Command 12 sent to server.

2018-10-29 08:53:25 Info AppSvrOperator::OnPackage :: Command 12 received from server.

2018-10-29 08:53:25 Info AppSvrOperator::OnPackage :: Command 12 returned from server.

2018-10-29 08:53:25 Info AppSvrOperator::SynExecute :: Command 12 executed.

2018-10-29 08:53:25 Info AppSvrOperator::SynExecute :: Executing command 3 ...

2018-10-29 08:53:25 Info AppSvrOperator::OnExecute :: Command 3 sent to server.

2018-10-29 08:53:25 Info AppSvrOperator::OnPackage :: Command 3 received from server.

2018-10-29 08:53:25 Info AppSvrOperator::OnPackage :: Command 3 returned from server.

2018-10-29 08:53:25 Info AppSvrOperator::SynExecute :: Command 3 executed.

2018-10-29 08:53:25 Info AppSvrOperator::SynExecute :: Executing command 3 ...

2018-10-29 08:53:25 Info AppSvrOperator::OnExecute :: Command 3 sent to server.

2018-10-29 08:53:25 Info AppSvrOperator::OnPackage :: Command 3 received from server.

2018-10-29 08:53:25 Info AppSvrOperator::OnPackage :: Command 3 returned from server.

2018-10-29 08:53:25 Info AppSvrOperator::SynExecute :: Command 3 executed.

2018-10-29 08:53:25 Info AppSvrOperator::SynExecute :: Executing command 3 ...

2018-10-29 08:53:25 Info AppSvrOperator::OnExecute :: Command 3 sent to server.

2018-10-29 08:53:25 Info AppSvrOperator::OnPackage :: Command 3 received from server.

2018-10-29 08:53:25 Info AppSvrOperator::OnPackage :: Command 3 returned from server.

2018-10-29 08:53:25 Info AppSvrOperator::SynExecute :: Command 3 executed.

2018-10-29 08:53:25 Info AppSvrOperator::SynExecute :: Executing command 3 ...

2018-10-29 08:53:25 Info AppSvrOperator::OnExecute :: Command 3 sent to server.

2018-10-29 08:53:25 Info AppSvrOperator::OnPackage :: Command 3 received from server.

2018-10-29 08:53:25 Info AppSvrOperator::OnPackage :: Command 3 returned from server.

2018-10-29 08:53:25 Info AppSvrOperator::SynExecute :: Command 3 executed.

2018-10-29 08:53:25 Info AppSvrOperator::SynExecute :: Executing command 3 ...

2018-10-29 08:53:25 Info AppSvrOperator::OnExecute :: Command 3 sent to server.

2018-10-29 08:53:25 Info AppSvrOperator::OnPackage :: Command 3 received from server.

2018-10-29 08:53:25 Info AppSvrOperator::OnPackage :: Command 3 returned from server.

2018-10-29 08:53:25 Info AppSvrOperator::SynExecute :: Command 3 executed.

2018-10-29 08:53:25 Info AppSvrOperator::SynExecute :: Executing command 3 ...

2018-10-29 08:53:25 Info AppSvrOperator::OnExecute :: Command 3 sent to server.

2018-10-29 08:53:25 Info AppSvrOperator::OnPackage :: Command 3 received from server.

2018-10-29 08:53:25 Info AppSvrOperator::OnPackage :: Command 3 returned from server.

2018-10-29 08:53:25 Info AppSvrOperator::SynExecute :: Command 3 executed.

2018-10-29 08:53:25 Info AppSvrOperator::SynExecute :: Executing command 3 ...

2018-10-29 08:53:25 Info AppSvrOperator::OnExecute :: Command 3 sent to server.

2018-10-29 08:53:25 Info AppSvrOperator::OnPackage :: Command 3 received from server.

2018-10-29 08:53:25 Info AppSvrOperator::OnPackage :: Command 3 returned from server.

2018-10-29 08:53:25 Info AppSvrOperator::SynExecute :: Command 3 executed.

2018-10-29 08:53:25 Info AppSvrOperator::SynExecute :: Executing command 3 ...

2018-10-29 08:53:25 Info AppSvrOperator::OnExecute :: Command 3 sent to server.

2018-10-29 08:53:25 Info AppSvrOperator::OnPackage :: Command 3 received from server.

2018-10-29 08:53:25 Info AppSvrOperator::OnPackage :: Command 3 returned from server.

2018-10-29 08:53:25 Info AppSvrOperator::SynExecute :: Command 3 executed.

2018-10-29 08:53:25 Info AppSvrOperator::SynExecute :: Executing command 3 ...

2018-10-29 08:53:25 Info AppSvrOperator::OnExecute :: Command 3 sent to server.

2018-10-29 08:53:25 Info AppSvrOperator::OnPackage :: Command 3 received from server.

2018-10-29 08:53:25 Info AppSvrOperator::OnPackage :: Command 3 returned from server.

2018-10-29 08:53:25 Info AppSvrOperator::SynExecute :: Command 3 executed.

2018-10-29 08:53:25 Info AppSvrOperator::SynExecute :: Executing command 3 ...

2018-10-29 08:53:25 Info AppSvrOperator::OnExecute :: Command 3 sent to server.

2018-10-29 08:53:25 Info AppSvrOperator::OnPackage :: Command 3 received from server.

2018-10-29 08:53:25 Info AppSvrOperator::OnPackage :: Command 3 returned from server.

2018-10-29 08:53:25 Info AppSvrOperator::SynExecute :: Command 3 executed.

2018-10-29 08:53:25 Info AppSvrOperator::SynExecute :: Executing command 3 ...

2018-10-29 08:53:25 Info AppSvrOperator::OnExecute :: Command 3 sent to server.

2018-10-29 08:53:25 Info AppSvrOperator::OnPackage :: Command 3 received from server.

2018-10-29 08:53:25 Info AppSvrOperator::OnPackage :: Command 3 returned from server.

2018-10-29 08:53:25 Info AppSvrOperator::SynExecute :: Command 3 executed.

2018-10-29 08:53:25 Info AppSvrOperator::SynExecute :: Executing command 3 ...

2018-10-29 08:53:25 Info AppSvrOperator::OnExecute :: Command 3 sent to server.

2018-10-29 08:53:25 Info AppSvrOperator::OnPackage :: Command 3 received from server.

2018-10-29 08:53:25 Info AppSvrOperator::OnPackage :: Command 3 returned from server.

2018-10-29 08:53:25 Info AppSvrOperator::SynExecute :: Command 3 executed.

2018-10-29 08:53:25 Info AppSvrOperator::SynExecute :: Executing command 14 ...

2018-10-29 08:53:25 Info AppSvrOperator::OnExecute :: Command 14 sent to server.

2018-10-29 08:53:25 Info AppSvrOperator::OnPackage :: Command 14 received from server.

2018-10-29 08:53:25 Info AppSvrOperator::OnPackage :: Command 14 returned from server.

2018-10-29 08:53:25 Info AppSvrOperator::SynExecute :: Command 14 executed.

2018-10-29 08:53:25 Info AppSvrOperator::SynExecute :: Executing command 14 ...

2018-10-29 08:53:25 Info AppSvrOperator::OnExecute :: Command 14 sent to server.

2018-10-29 08:53:25 Info AppSvrOperator::OnPackage :: Command 14 received from server.

2018-10-29 08:53:25 Info AppSvrOperator::OnPackage :: Command 14 returned from server.

2018-10-29 08:53:25 Info AppSvrOperator::SynExecute :: Command 14 executed.

2018-10-29 08:53:26 Info AppSvrOperator::SynExecute :: Executing command 0 ...

2018-10-29 08:53:26 Info AppSvrOperator::OnExecute :: Command 0 sent to server.

2018-10-29 08:53:26 Info AppSvrOperator::OnPackage :: Command 0 received from server.

2018-10-29 08:53:26 Info AppSvrOperator::OnPackage :: Command 0 returned from server.

2018-10-29 08:53:26 Info AppSvrOperator::SynExecute :: Command 0 executed.

2018-10-29 08:53:37 Info AppSvrOperator::SynExecute :: Executing command 0 ...

2018-10-29 08:53:37 Info AppSvrOperator::OnExecute :: Command 0 sent to server.

2018-10-29 08:53:37 Info AppSvrOperator::OnPackage :: Command 0 received from server.

2018-10-29 08:53:37 Info AppSvrOperator::OnPackage :: Command 0 returned from server.

2018-10-29 08:53:37 Info AppSvrOperator::SynExecute :: Command 0 executed.

2018-10-29 08:53:39 WARNING AppSvrOperator::XIFClientOperatorThread::OnDisconnect :: Disconnected from server!

2018-10-29 08:53:44 Info AppSvrOperator::SynExecute :: Executing command 3 ...

2018-10-29 08:53:45 ERROR AppSvrOperator::DoConnect :: Connect to 192.168.2.224:1089 failed!

2018-10-29 08:53:45 WARNING AppSvrOperator :: Command 3's return flag is not set, it might not be executed by server!

2018-10-29 08:53:45 Info AppSvrOperator::SynExecute :: Executing command 14 ...

2018-10-29 08:53:46 ERROR AppSvrOperator::DoConnect :: Connect to 192.168.2.224:1089 failed!

2018-10-29 08:53:46 WARNING AppSvrOperator :: Command 14's return flag is not set, it might not be executed by server!

2018-10-29 08:53:46 Info AppSvrOperator::SynExecute :: Executing command 14 ...

2018-10-29 08:53:47 ERROR AppSvrOperator::DoConnect :: Connect to 192.168.2.224:1089 failed!

2018-10-29 08:53:47 WARNING AppSvrOperator :: Command 14's return flag is not set, it might not be executed by server!

2018-10-29 08:53:49 Info AppSvrOperator::SynExecute :: Executing command 13 ...

2018-10-29 08:53:50 ERROR AppSvrOperator::DoConnect :: Connect to 192.168.2.224:1089 failed!

2018-10-29 08:53:50 WARNING AppSvrOperator :: Command 13's return flag is not set, it might not be executed by server!

2018-10-29 08:53:50 Info AppSvrOperator::SynExecute :: Executing command 14 ...

2018-10-29 08:53:51 ERROR AppSvrOperator::DoConnect :: Connect to 192.168.2.224:1089 failed!

2018-10-29 08:53:51 WARNING AppSvrOperator :: Command 14's return flag is not set, it might not be executed by server!

2018-10-29 08:53:51 Info AppSvrOperator::SynExecute :: Executing command 14 ...

2018-10-29 08:53:52 ERROR AppSvrOperator::DoConnect :: Connect to 192.168.2.224:1089 failed!

2018-10-29 08:53:52 WARNING AppSvrOperator :: Command 14's return flag is not set, it might not be executed by server!

2018-10-29 08:53:52 Info AppSvrOperator::SynExecute :: Executing command 14 ...

2018-10-29 08:53:53 ERROR AppSvrOperator::DoConnect :: Connect to 192.168.2.224:1089 failed!

2018-10-29 08:53:53 WARNING AppSvrOperator :: Command 14's return flag is not set, it might not be executed by server!

2018-10-29 08:53:53 Info AppSvrOperator::SynExecute :: Executing command 14 ...

2018-10-29 08:53:54 ERROR AppSvrOperator::DoConnect :: Connect to 192.168.2.224:1089 failed!

2018-10-29 08:53:54 WARNING AppSvrOperator :: Command 14's return flag is not set, it might not be executed by server!

2018-10-29 08:53:55 Info AppSvrOperator::SynExecute :: Executing command 12 ...

2018-10-29 08:53:56 ERROR AppSvrOperator::DoConnect :: Connect to 192.168.2.224:1089 failed!

2018-10-29 08:53:56 WARNING AppSvrOperator :: Command 12's return flag is not set, it might not be executed by server!

2018-10-29 08:53:56 Info AppSvrOperator::SynExecute :: Executing command 14 ...

2018-10-29 08:53:57 ERROR AppSvrOperator::DoConnect :: Connect to 192.168.2.224:1089 failed!

2018-10-29 08:53:57 WARNING AppSvrOperator :: Command 14's return flag is not set, it might not be executed by server!

2018-10-29 08:53:57 Info AppSvrOperator::SynExecute :: Executing command 12 ...

2018-10-29 08:53:58 ERROR AppSvrOperator::DoConnect :: Connect to 192.168.2.224:1089 failed!

2018-10-29 08:53:58 WARNING AppSvrOperator :: Command 12's return flag is not set, it might not be executed by server!

2018-10-29 08:53:58 Info AppSvrOperator::SynExecute :: Executing command 14 ...

2018-10-29 08:53:59 ERROR AppSvrOperator::DoConnect :: Connect to 192.168.2.224:1089 failed!

2018-10-29 08:53:59 WARNING AppSvrOperator :: Command 14's return flag is not set, it might not be executed by server!

2018-10-29 08:53:59 Info AppSvrOperator::SynExecute :: Executing command 12 ...

2018-10-29 08:54:00 ERROR AppSvrOperator::DoConnect :: Connect to 192.168.2.224:1089 failed!

2018-10-29 08:54:00 WARNING AppSvrOperator :: Command 12's return flag is not set, it might not be executed by server!

2018-10-29 08:54:00 Info AppSvrOperator::SynExecute :: Executing command 14 ...

2018-10-29 08:54:01 ERROR AppSvrOperator::DoConnect :: Connect to 192.168.2.224:1089 failed!

2018-10-29 08:54:01 WARNING AppSvrOperator :: Command 14's return flag is not set, it might not be executed by server!

2018-10-29 08:54:01 Info AppSvrOperator::SynExecute :: Executing command 12 ...

2018-10-29 08:54:02 ERROR AppSvrOperator::DoConnect :: Connect to 192.168.2.224:1089 failed!

2018-10-29 08:54:02 WARNING AppSvrOperator :: Command 12's return flag is not set, it might not be executed by server!

2018-10-29 08:54:03 Info AppSvrOperator::SynExecute :: Executing command 0 ...

2018-10-29 08:54:04 ERROR AppSvrOperator::DoConnect :: Connect to 192.168.2.224:1089 failed!

2018-10-29 08:54:04 WARNING AppSvrOperator :: Command 0's return flag is not set, it might not be executed by server!

2018-10-29 08:54:04 Info AppSvrOperator::SynExecute :: Executing command 3 ...

2018-10-29 08:54:05 ERROR AppSvrOperator::DoConnect :: Connect to 192.168.2.224:1089 failed!

2018-10-29 08:54:05 WARNING AppSvrOperator :: Command 3's return flag is not set, it might not be executed by server!

2018-10-29 08:54:05 Info AppSvrOperator::SynExecute :: Executing command 3 ...

2018-10-29 08:54:06 ERROR AppSvrOperator::DoConnect :: Connect to 192.168.2.224:1089 failed!

2018-10-29 08:54:06 WARNING AppSvrOperator :: Command 3's return flag is not set, it might not be executed by server!

2018-10-29 08:54:06 Info AppSvrOperator::SynExecute :: Executing command 14 ...

2018-10-29 08:54:07 ERROR AppSvrOperator::DoConnect :: Connect to 192.168.2.224:1089 failed!

2018-10-29 08:54:07 WARNING AppSvrOperator :: Command 14's return flag is not set, it might not be executed by server!

2018-10-29 08:54:07 Info AppSvrOperator::SynExecute :: Executing command 14 ...

2018-10-29 08:54:08 ERROR AppSvrOperator::DoConnect :: Connect to 192.168.2.224:1089 failed!

2018-10-29 08:54:08 WARNING AppSvrOperator :: Command 14's return flag is not set, it might not be executed by server!

2018-10-29 08:54:15 Info AppSvrOperator::SynExecute :: Executing command 13 ...

2018-10-29 08:54:16 ERROR AppSvrOperator::DoConnect :: Connect to 192.168.2.224:1089 failed!

2018-10-29 08:54:16 WARNING AppSvrOperator :: Command 13's return flag is not set, it might not be executed by server!

2018-10-29 08:54:16 Info AppSvrOperator::SynExecute :: Executing command 2 ...

2018-10-29 08:54:17 ERROR AppSvrOperator::DoConnect :: Connect to 192.168.2.224:1089 failed!

2018-10-29 08:54:17 WARNING AppSvrOperator :: Command 2's return flag is not set, it might not be executed by server!
